0 info it worked if it ends with ok
1 verbose cli [ '/usr/local/bin/node',
1 verbose cli   '/usr/local/bin/npm',
1 verbose cli   'install',
1 verbose cli   '-g',
1 verbose cli   'angular/cli' ]
2 info using npm@3.10.10
3 info using node@v6.11.0
4 silly loadCurrentTree Starting
5 silly install loadCurrentTree
6 silly install readGlobalPackageData
7 silly fetchPackageMetaData angular/cli
8 silly fetchOtherPackageData angular/cli
9 silly cache add args [ 'angular/cli', null ]
10 verbose cache add spec angular/cli
11 silly cache add parsed spec Result {
11 silly cache add   raw: 'angular/cli',
11 silly cache add   scope: null,
11 silly cache add   escapedName: null,
11 silly cache add   name: null,
11 silly cache add   rawSpec: 'angular/cli',
11 silly cache add   spec: 'github:angular/cli',
11 silly cache add   type: 'hosted',
11 silly cache add   hosted:
11 silly cache add    { type: 'github',
11 silly cache add      ssh: 'git@github.com:angular/cli.git',
11 silly cache add      sshUrl: 'git+ssh://git@github.com/angular/cli.git',
11 silly cache add      httpsUrl: 'git+https://github.com/angular/cli.git',
11 silly cache add      gitUrl: 'git://github.com/angular/cli.git',
11 silly cache add      shortcut: 'github:angular/cli',
11 silly cache add      directUrl: 'https://raw.githubusercontent.com/angular/cli/master/package.json' } }
12 verbose addRemoteGit caching angular/cli
13 verbose addRemoteGit angular/cli is a repository hosted by github
14 silly tryGitProto attempting to clone git://github.com/angular/cli.git
15 silly tryClone cloning angular/cli via git://github.com/angular/cli.git
16 verbose tryClone git-github-com-angular-cli-git-abc2a622 not in flight; caching
17 verbose correctMkdir /Users/JC/.npm/_git-remotes correctMkdir not in flight; initializing
18 verbose makeDirectory /Users/JC/.npm/_git-remotes creation not in flight; initializing
19 silly makeDirectory /Users/JC/.npm/_git-remotes uid: 501 gid: 20
20 info git [ 'clone',
20 info git   '--template=/Users/JC/.npm/_git-remotes/_templates',
20 info git   '--mirror',
20 info git   'git://github.com/angular/cli.git',
20 info git   '/Users/JC/.npm/_git-remotes/git-github-com-angular-cli-git-abc2a622' ]
21 verbose git clone --template=/Users/JC/.npm/_git-remotes/_templates --mirror git://github.com/angular/cli.git /Users/JC/.npm/_git-remotes/git-github-com-angular-cli-git-abc2a622: Cloning into bare repository '/Users/JC/.npm/_git-remotes/git-github-com-angular-cli-git-abc2a622'...
21 verbose git clone --template=/Users/JC/.npm/_git-remotes/_templates --mirror git://github.com/angular/cli.git /Users/JC/.npm/_git-remotes/git-github-com-angular-cli-git-abc2a622: fatal: remote error:
21 verbose git clone --template=/Users/JC/.npm/_git-remotes/_templates --mirror git://github.com/angular/cli.git /Users/JC/.npm/_git-remotes/git-github-com-angular-cli-git-abc2a622:   Repository not found.
22 silly tryHTTPS attempting to clone git+https://github.com/angular/cli.git
23 silly tryClone cloning angular/cli via git+https://github.com/angular/cli.git
24 verbose tryClone git-https-github-com-angular-cli-git-7e325762 not in flight; caching
25 verbose correctMkdir /Users/JC/.npm/_git-remotes correctMkdir not in flight; initializing
26 info git [ 'clone',
26 info git   '--template=/Users/JC/.npm/_git-remotes/_templates',
26 info git   '--mirror',
26 info git   'https://github.com/angular/cli.git',
26 info git   '/Users/JC/.npm/_git-remotes/git-https-github-com-angular-cli-git-7e325762' ]
27 verbose git clone --template=/Users/JC/.npm/_git-remotes/_templates --mirror https://github.com/angular/cli.git /Users/JC/.npm/_git-remotes/git-https-github-com-angular-cli-git-7e325762: Cloning into bare repository '/Users/JC/.npm/_git-remotes/git-https-github-com-angular-cli-git-7e325762'...
27 verbose git clone --template=/Users/JC/.npm/_git-remotes/_templates --mirror https://github.com/angular/cli.git /Users/JC/.npm/_git-remotes/git-https-github-com-angular-cli-git-7e325762: remote: Repository not found.
27 verbose git clone --template=/Users/JC/.npm/_git-remotes/_templates --mirror https://github.com/angular/cli.git /Users/JC/.npm/_git-remotes/git-https-github-com-angular-cli-git-7e325762: fatal: repository 'https://github.com/angular/cli.git/' not found
28 silly trySSH attempting to clone git@github.com:angular/cli.git
29 silly tryClone cloning angular/cli via git@github.com:angular/cli.git
30 verbose tryClone git-github-com-angular-cli-git-05516032 not in flight; caching
31 verbose correctMkdir /Users/JC/.npm/_git-remotes correctMkdir not in flight; initializing
32 info git [ 'clone',
32 info git   '--template=/Users/JC/.npm/_git-remotes/_templates',
32 info git   '--mirror',
32 info git   'git@github.com:angular/cli.git',
32 info git   '/Users/JC/.npm/_git-remotes/git-github-com-angular-cli-git-05516032' ]
33 error git clone --template=/Users/JC/.npm/_git-remotes/_templates --mirror git@github.com:angular/cli.git /Users/JC/.npm/_git-remotes/git-github-com-angular-cli-git-05516032: Cloning into bare repository '/Users/JC/.npm/_git-remotes/git-github-com-angular-cli-git-05516032'...
33 error git clone --template=/Users/JC/.npm/_git-remotes/_templates --mirror git@github.com:angular/cli.git /Users/JC/.npm/_git-remotes/git-github-com-angular-cli-git-05516032: ERROR: Repository not found.
33 error git clone --template=/Users/JC/.npm/_git-remotes/_templates --mirror git@github.com:angular/cli.git /Users/JC/.npm/_git-remotes/git-github-com-angular-cli-git-05516032: fatal: Could not read from remote repository.
33 error git clone --template=/Users/JC/.npm/_git-remotes/_templates --mirror git@github.com:angular/cli.git /Users/JC/.npm/_git-remotes/git-github-com-angular-cli-git-05516032:
33 error git clone --template=/Users/JC/.npm/_git-remotes/_templates --mirror git@github.com:angular/cli.git /Users/JC/.npm/_git-remotes/git-github-com-angular-cli-git-05516032: Please make sure you have the correct access rights
33 error git clone --template=/Users/JC/.npm/_git-remotes/_templates --mirror git@github.com:angular/cli.git /Users/JC/.npm/_git-remotes/git-github-com-angular-cli-git-05516032: and the repository exists.
34 silly fetchPackageMetaData Error: Command failed: git clone --template=/Users/JC/.npm/_git-remotes/_templates --mirror git@github.com:angular/cli.git /Users/JC/.npm/_git-remotes/git-github-com-angular-cli-git-05516032
34 silly fetchPackageMetaData Cloning into bare repository '/Users/JC/.npm/_git-remotes/git-github-com-angular-cli-git-05516032'...
34 silly fetchPackageMetaData ERROR: Repository not found.
34 silly fetchPackageMetaData fatal: Could not read from remote repository.
34 silly fetchPackageMetaData
34 silly fetchPackageMetaData Please make sure you have the correct access rights
34 silly fetchPackageMetaData and the repository exists.
34 silly fetchPackageMetaData
34 silly fetchPackageMetaData     at ChildProcess.exithandler (child_process.js:204:12)
34 silly fetchPackageMetaData     at emitTwo (events.js:106:13)
34 silly fetchPackageMetaData     at ChildProcess.emit (events.js:191:7)
34 silly fetchPackageMetaData     at maybeClose (internal/child_process.js:891:16)
34 silly fetchPackageMetaData     at Socket.<anonymous> (internal/child_process.js:342:11)
34 silly fetchPackageMetaData     at emitOne (events.js:96:13)
34 silly fetchPackageMetaData     at Socket.emit (events.js:188:7)
34 silly fetchPackageMetaData     at Pipe._handle.close [as _onclose] (net.js:497:12)
34 silly fetchPackageMetaData  error for angular/cli { Error: Command failed: git clone --template=/Users/JC/.npm/_git-remotes/_templates --mirror git@github.com:angular/cli.git /Users/JC/.npm/_git-remotes/git-github-com-angular-cli-git-05516032
34 silly fetchPackageMetaData Cloning into bare repository '/Users/JC/.npm/_git-remotes/git-github-com-angular-cli-git-05516032'...
34 silly fetchPackageMetaData ERROR: Repository not found.
34 silly fetchPackageMetaData fatal: Could not read from remote repository.
34 silly fetchPackageMetaData
34 silly fetchPackageMetaData Please make sure you have the correct access rights
34 silly fetchPackageMetaData and the repository exists.
34 silly fetchPackageMetaData
34 silly fetchPackageMetaData     at ChildProcess.exithandler (child_process.js:204:12)
34 silly fetchPackageMetaData     at emitTwo (events.js:106:13)
34 silly fetchPackageMetaData     at ChildProcess.emit (events.js:191:7)
34 silly fetchPackageMetaData     at maybeClose (internal/child_process.js:891:16)
34 silly fetchPackageMetaData     at Socket.<anonymous> (internal/child_process.js:342:11)
34 silly fetchPackageMetaData     at emitOne (events.js:96:13)
34 silly fetchPackageMetaData     at Socket.emit (events.js:188:7)
34 silly fetchPackageMetaData     at Pipe._handle.close [as _onclose] (net.js:497:12)
34 silly fetchPackageMetaData   killed: false,
34 silly fetchPackageMetaData   code: 128,
34 silly fetchPackageMetaData   signal: null,
34 silly fetchPackageMetaData   cmd: 'git clone --template=/Users/JC/.npm/_git-remotes/_templates --mirror git@github.com:angular/cli.git /Users/JC/.npm/_git-remotes/git-github-com-angular-cli-git-05516032' }
35 silly rollbackFailedOptional Starting
36 silly rollbackFailedOptional Finishing
37 silly runTopLevelLifecycles Finishing
38 silly install printInstalled
39 verbose stack Error: Command failed: git clone --template=/Users/JC/.npm/_git-remotes/_templates --mirror git@github.com:angular/cli.git /Users/JC/.npm/_git-remotes/git-github-com-angular-cli-git-05516032
39 verbose stack Cloning into bare repository '/Users/JC/.npm/_git-remotes/git-github-com-angular-cli-git-05516032'...
39 verbose stack ERROR: Repository not found.
39 verbose stack fatal: Could not read from remote repository.
39 verbose stack
39 verbose stack Please make sure you have the correct access rights
39 verbose stack and the repository exists.
39 verbose stack
39 verbose stack     at ChildProcess.exithandler (child_process.js:204:12)
39 verbose stack     at emitTwo (events.js:106:13)
39 verbose stack     at ChildProcess.emit (events.js:191:7)
39 verbose stack     at maybeClose (internal/child_process.js:891:16)
39 verbose stack     at Socket.<anonymous> (internal/child_process.js:342:11)
39 verbose stack     at emitOne (events.js:96:13)
39 verbose stack     at Socket.emit (events.js:188:7)
39 verbose stack     at Pipe._handle.close [as _onclose] (net.js:497:12)
40 verbose cwd /Users/JC/Workshop/Dojo-Repo
41 error Darwin 16.6.0
42 error argv "/usr/local/bin/node" "/usr/local/bin/npm" "install" "-g" "angular/cli"
43 error node v6.11.0
44 error npm  v3.10.10
45 error code 128
46 error Command failed: git clone --template=/Users/JC/.npm/_git-remotes/_templates --mirror git@github.com:angular/cli.git /Users/JC/.npm/_git-remotes/git-github-com-angular-cli-git-05516032
46 error Cloning into bare repository '/Users/JC/.npm/_git-remotes/git-github-com-angular-cli-git-05516032'...
46 error ERROR: Repository not found.
46 error fatal: Could not read from remote repository.
46 error
46 error Please make sure you have the correct access rights
46 error and the repository exists.
47 error If you need help, you may report this error at:
47 error     <https://github.com/npm/npm/issues>
48 verbose exit [ 1, true ]
